<?xml version="1.0" encoding="UTF-8"?>
<!-- Generated by org.testng.reporters.JUnitXMLReporter -->
<testsuite ignored="2" hostname="LIN49004476" failures="0" tests="1" name="Test2" time="0.076" errors="0" timestamp="2023-10-27T20:05:06 IST">
  <testcase classname="TestCases.First_TestCases" name="test_3" time="0.005">
    <skipped/>
  </testcase> <!-- test_3 -->
  <testcase classname="TestCases.First_TestCases" name="test_1" time="0.0">
    <ignored/>
  </testcase> <!-- test_1 -->
  <testcase classname="TestCases.First_TestCases" name="test_2" time="0.0">
    <ignored/>
  </testcase> <!-- test_2 -->
</testsuite> <!-- Test2 -->
